CRITICAL - 2020-12-18 07:10:47 --> Undefined index: id_categoria
#0 C:\xampp\htdocs\agenda\app\Controllers\ContactoController.php(28): CodeIgniter\Debug\Exceptions->errorHandler(8, 'Undefined index...', 'C:\\xampp\\htdocs...', 28, Array)
#1 C:\xampp\htdocs\agenda\vendor\codeigniter4\framework\system\CodeIgniter.php(918): App\Controllers\ContactoController->crear()
#2 C:\xampp\htdocs\agenda\vendor\codeigniter4\framework\system\CodeIgniter.php(404): CodeIgniter\CodeIgniter->runController(Object(App\Controllers\ContactoController))
#3 C:\xampp\htdocs\agenda\vendor\codeigniter4\framework\system\CodeIgniter.php(312): CodeIgniter\CodeIgniter->handleRequest(NULL, Object(Config\Cache), false)
#4 C:\xampp\htdocs\agenda\public\index.php(45): CodeIgniter\CodeIgniter->run()
#5 {main}
CRITICAL - 2020-12-18 13:21:31 --> Unable to connect to the database.
#0 C:\xampp\htdocs\agenda\vendor\codeigniter4\framework\system\Database\BaseConnection.php(646): CodeIgniter\Database\BaseConnection->initialize()
#1 C:\xampp\htdocs\agenda\app\Models\categoriasModel.php(7): CodeIgniter\Database\BaseConnection->query('SELECT * FROM t...')
#2 C:\xampp\htdocs\agenda\app\Controllers\CategoriaController.php(12): App\Models\categoriasModel->listarCategoria()
#3 C:\xampp\htdocs\agenda\vendor\codeigniter4\framework\system\CodeIgniter.php(918): App\Controllers\CategoriaController->categoria()
#4 C:\xampp\htdocs\agenda\vendor\codeigniter4\framework\system\CodeIgniter.php(404): CodeIgniter\CodeIgniter->runController(Object(App\Controllers\CategoriaController))
#5 C:\xampp\htdocs\agenda\vendor\codeigniter4\framework\system\CodeIgniter.php(312): CodeIgniter\CodeIgniter->handleRequest(NULL, Object(Config\Cache), false)
#6 C:\xampp\htdocs\agenda\public\index.php(45): CodeIgniter\CodeIgniter->run()
#7 {main}
CRITICAL - 2020-12-18 13:21:35 --> Unable to connect to the database.
#0 C:\xampp\htdocs\agenda\vendor\codeigniter4\framework\system\Database\BaseConnection.php(646): CodeIgniter\Database\BaseConnection->initialize()
#1 C:\xampp\htdocs\agenda\app\Models\contactosModel.php(7): CodeIgniter\Database\BaseConnection->query('SELECT A.id_con...')
#2 C:\xampp\htdocs\agenda\app\Controllers\ContactoController.php(9): App\Models\contactosModel->listarContactos()
#3 C:\xampp\htdocs\agenda\vendor\codeigniter4\framework\system\CodeIgniter.php(918): App\Controllers\ContactoController->contactos()
#4 C:\xampp\htdocs\agenda\vendor\codeigniter4\framework\system\CodeIgniter.php(404): CodeIgniter\CodeIgniter->runController(Object(App\Controllers\ContactoController))
#5 C:\xampp\htdocs\agenda\vendor\codeigniter4\framework\system\CodeIgniter.php(312): CodeIgniter\CodeIgniter->handleRequest(NULL, Object(Config\Cache), false)
#6 C:\xampp\htdocs\agenda\public\index.php(45): CodeIgniter\CodeIgniter->run()
#7 {main}
CRITICAL - 2020-12-18 13:24:53 --> Unable to connect to the database.
#0 C:\xampp\htdocs\agenda\vendor\codeigniter4\framework\system\Database\BaseConnection.php(646): CodeIgniter\Database\BaseConnection->initialize()
#1 C:\xampp\htdocs\agenda\app\Models\categoriasModel.php(7): CodeIgniter\Database\BaseConnection->query('SELECT * FROM t...')
#2 C:\xampp\htdocs\agenda\app\Controllers\CategoriaController.php(12): App\Models\categoriasModel->listarCategoria()
#3 C:\xampp\htdocs\agenda\vendor\codeigniter4\framework\system\CodeIgniter.php(918): App\Controllers\CategoriaController->categoria()
#4 C:\xampp\htdocs\agenda\vendor\codeigniter4\framework\system\CodeIgniter.php(404): CodeIgniter\CodeIgniter->runController(Object(App\Controllers\CategoriaController))
#5 C:\xampp\htdocs\agenda\vendor\codeigniter4\framework\system\CodeIgniter.php(312): CodeIgniter\CodeIgniter->handleRequest(NULL, Object(Config\Cache), false)
#6 C:\xampp\htdocs\agenda\public\index.php(45): CodeIgniter\CodeIgniter->run()
#7 {main}
CRITICAL - 2020-12-18 13:28:36 --> Unable to connect to the database.
#0 C:\xampp\htdocs\agenda\vendor\codeigniter4\framework\system\Database\BaseConnection.php(646): CodeIgniter\Database\BaseConnection->initialize()
#1 C:\xampp\htdocs\agenda\app\Models\categoriasModel.php(7): CodeIgniter\Database\BaseConnection->query('SELECT * FROM t...')
#2 C:\xampp\htdocs\agenda\app\Controllers\CategoriaController.php(12): App\Models\categoriasModel->listarCategoria()
#3 C:\xampp\htdocs\agenda\vendor\codeigniter4\framework\system\CodeIgniter.php(918): App\Controllers\CategoriaController->categoria()
#4 C:\xampp\htdocs\agenda\vendor\codeigniter4\framework\system\CodeIgniter.php(404): CodeIgniter\CodeIgniter->runController(Object(App\Controllers\CategoriaController))
#5 C:\xampp\htdocs\agenda\vendor\codeigniter4\framework\system\CodeIgniter.php(312): CodeIgniter\CodeIgniter->handleRequest(NULL, Object(Config\Cache), false)
#6 C:\xampp\htdocs\agenda\public\index.php(45): CodeIgniter\CodeIgniter->run()
#7 {main}
