CRITICAL - 2020-12-16 14:47:42 --> syntax error, unexpected '}', expecting ';'
#0 C:\xampp\htdocs\agendaf\vendor\codeigniter4\framework\system\Autoloader\Autoloader.php(296): CodeIgniter\Autoloader\Autoloader->requireFile('C:\\xampp\\htdocs...')
#1 C:\xampp\htdocs\agendaf\vendor\codeigniter4\framework\system\Autoloader\Autoloader.php(258): CodeIgniter\Autoloader\Autoloader->loadInNamespace('App\\Controllers...')
#2 [internal function]: CodeIgniter\Autoloader\Autoloader->loadClass('App\\Controllers...')
#3 [internal function]: spl_autoload_call('App\\Controllers...')
#4 C:\xampp\htdocs\agendaf\vendor\codeigniter4\framework\system\CodeIgniter.php(869): class_exists('\\App\\Controller...', true)
#5 C:\xampp\htdocs\agendaf\vendor\codeigniter4\framework\system\CodeIgniter.php(394): CodeIgniter\CodeIgniter->startController()
#6 C:\xampp\htdocs\agendaf\vendor\codeigniter4\framework\system\CodeIgniter.php(312): CodeIgniter\CodeIgniter->handleRequest(NULL, Object(Config\Cache), false)
#7 C:\xampp\htdocs\agendaf\public\index.php(45): CodeIgniter\CodeIgniter->run()
#8 {main}
CRITICAL - 2020-12-16 14:50:16 --> Undefined variable: mysqli
#0 C:\xampp\htdocs\agendaf\app\Views\contactos.php(158): CodeIgniter\Debug\Exceptions->errorHandler(8, 'Undefined varia...', 'C:\\xampp\\htdocs...', 158, Array)
#1 C:\xampp\htdocs\agendaf\vendor\codeigniter4\framework\system\View\View.php(246): include('C:\\xampp\\htdocs...')
#2 C:\xampp\htdocs\agendaf\vendor\codeigniter4\framework\system\Common.php(1119): CodeIgniter\View\View->render('contactos', Array, true)
#3 C:\xampp\htdocs\agendaf\app\Controllers\Home.php(15): view('contactos')
#4 C:\xampp\htdocs\agendaf\vendor\codeigniter4\framework\system\CodeIgniter.php(918): App\Controllers\Home->contactos()
#5 C:\xampp\htdocs\agendaf\vendor\codeigniter4\framework\system\CodeIgniter.php(404): CodeIgniter\CodeIgniter->runController(Object(App\Controllers\Home))
#6 C:\xampp\htdocs\agendaf\vendor\codeigniter4\framework\system\CodeIgniter.php(312): CodeIgniter\CodeIgniter->handleRequest(NULL, Object(Config\Cache), false)
#7 C:\xampp\htdocs\agendaf\public\index.php(45): CodeIgniter\CodeIgniter->run()
#8 {main}
CRITICAL - 2020-12-16 16:00:55 --> You must set the database table to be used with your query.
#0 C:\xampp\htdocs\agendaf\vendor\codeigniter4\framework\system\Model.php(1237): CodeIgniter\Database\BaseConnection->table(NULL)
#1 C:\xampp\htdocs\agendaf\vendor\codeigniter4\framework\system\Model.php(1816): CodeIgniter\Model->builder()
#2 C:\xampp\htdocs\agendaf\app\Controllers\Home.php(13): CodeIgniter\Model->__call('listarNombres', Array)
#3 C:\xampp\htdocs\agendaf\vendor\codeigniter4\framework\system\CodeIgniter.php(918): App\Controllers\Home->categoria()
#4 C:\xampp\htdocs\agendaf\vendor\codeigniter4\framework\system\CodeIgniter.php(404): CodeIgniter\CodeIgniter->runController(Object(App\Controllers\Home))
#5 C:\xampp\htdocs\agendaf\vendor\codeigniter4\framework\system\CodeIgniter.php(312): CodeIgniter\CodeIgniter->handleRequest(NULL, Object(Config\Cache), false)
#6 C:\xampp\htdocs\agendaf\public\index.php(45): CodeIgniter\CodeIgniter->run()
#7 {main}
CRITICAL - 2020-12-16 16:01:13 --> You must set the database table to be used with your query.
#0 C:\xampp\htdocs\agendaf\vendor\codeigniter4\framework\system\Model.php(1237): CodeIgniter\Database\BaseConnection->table(NULL)
#1 C:\xampp\htdocs\agendaf\vendor\codeigniter4\framework\system\Model.php(1816): CodeIgniter\Model->builder()
#2 C:\xampp\htdocs\agendaf\app\Controllers\Home.php(13): CodeIgniter\Model->__call('listarNombres', Array)
#3 C:\xampp\htdocs\agendaf\vendor\codeigniter4\framework\system\CodeIgniter.php(918): App\Controllers\Home->categoria()
#4 C:\xampp\htdocs\agendaf\vendor\codeigniter4\framework\system\CodeIgniter.php(404): CodeIgniter\CodeIgniter->runController(Object(App\Controllers\Home))
#5 C:\xampp\htdocs\agendaf\vendor\codeigniter4\framework\system\CodeIgniter.php(312): CodeIgniter\CodeIgniter->handleRequest(NULL, Object(Config\Cache), false)
#6 C:\xampp\htdocs\agendaf\public\index.php(45): CodeIgniter\CodeIgniter->run()
#7 {main}
CRITICAL - 2020-12-16 16:01:16 --> You must set the database table to be used with your query.
#0 C:\xampp\htdocs\agendaf\vendor\codeigniter4\framework\system\Model.php(1237): CodeIgniter\Database\BaseConnection->table(NULL)
#1 C:\xampp\htdocs\agendaf\vendor\codeigniter4\framework\system\Model.php(1816): CodeIgniter\Model->builder()
#2 C:\xampp\htdocs\agendaf\app\Controllers\Home.php(13): CodeIgniter\Model->__call('listarNombres', Array)
#3 C:\xampp\htdocs\agendaf\vendor\codeigniter4\framework\system\CodeIgniter.php(918): App\Controllers\Home->categoria()
#4 C:\xampp\htdocs\agendaf\vendor\codeigniter4\framework\system\CodeIgniter.php(404): CodeIgniter\CodeIgniter->runController(Object(App\Controllers\Home))
#5 C:\xampp\htdocs\agendaf\vendor\codeigniter4\framework\system\CodeIgniter.php(312): CodeIgniter\CodeIgniter->handleRequest(NULL, Object(Config\Cache), false)
#6 C:\xampp\htdocs\agendaf\public\index.php(45): CodeIgniter\CodeIgniter->run()
#7 {main}
CRITICAL - 2020-12-16 16:02:05 --> Undefined variable: datos
#0 C:\xampp\htdocs\agendaf\app\Views\categoria.php(66): CodeIgniter\Debug\Exceptions->errorHandler(8, 'Undefined varia...', 'C:\\xampp\\htdocs...', 66, Array)
#1 C:\xampp\htdocs\agendaf\vendor\codeigniter4\framework\system\View\View.php(246): include('C:\\xampp\\htdocs...')
#2 C:\xampp\htdocs\agendaf\vendor\codeigniter4\framework\system\Common.php(1119): CodeIgniter\View\View->render('categoria', Array, true)
#3 C:\xampp\htdocs\agendaf\app\Controllers\Home.php(21): view('categoria')
#4 C:\xampp\htdocs\agendaf\vendor\codeigniter4\framework\system\CodeIgniter.php(918): App\Controllers\Home->categoria()
#5 C:\xampp\htdocs\agendaf\vendor\codeigniter4\framework\system\CodeIgniter.php(404): CodeIgniter\CodeIgniter->runController(Object(App\Controllers\Home))
#6 C:\xampp\htdocs\agendaf\vendor\codeigniter4\framework\system\CodeIgniter.php(312): CodeIgniter\CodeIgniter->handleRequest(NULL, Object(Config\Cache), false)
#7 C:\xampp\htdocs\agendaf\public\index.php(45): CodeIgniter\CodeIgniter->run()
#8 {main}
CRITICAL - 2020-12-16 16:30:01 --> Undefined variable: mostrar
#0 C:\xampp\htdocs\agendaf\app\Views\categoria.php(71): CodeIgniter\Debug\Exceptions->errorHandler(8, 'Undefined varia...', 'C:\\xampp\\htdocs...', 71, Array)
#1 C:\xampp\htdocs\agendaf\vendor\codeigniter4\framework\system\View\View.php(246): include('C:\\xampp\\htdocs...')
#2 C:\xampp\htdocs\agendaf\vendor\codeigniter4\framework\system\Common.php(1119): CodeIgniter\View\View->render('categoria', Array, true)
#3 C:\xampp\htdocs\agendaf\app\Controllers\Home.php(21): view('categoria', Array)
#4 C:\xampp\htdocs\agendaf\vendor\codeigniter4\framework\system\CodeIgniter.php(918): App\Controllers\Home->categoria()
#5 C:\xampp\htdocs\agendaf\vendor\codeigniter4\framework\system\CodeIgniter.php(404): CodeIgniter\CodeIgniter->runController(Object(App\Controllers\Home))
#6 C:\xampp\htdocs\agendaf\vendor\codeigniter4\framework\system\CodeIgniter.php(312): CodeIgniter\CodeIgniter->handleRequest(NULL, Object(Config\Cache), false)
#7 C:\xampp\htdocs\agendaf\public\index.php(45): CodeIgniter\CodeIgniter->run()
#8 {main}
CRITICAL - 2020-12-16 16:31:37 --> Undefined variable: mostrar
#0 C:\xampp\htdocs\agendaf\app\Views\categoria.php(76): CodeIgniter\Debug\Exceptions->errorHandler(8, 'Undefined varia...', 'C:\\xampp\\htdocs...', 76, Array)
#1 C:\xampp\htdocs\agendaf\vendor\codeigniter4\framework\system\View\View.php(246): include('C:\\xampp\\htdocs...')
#2 C:\xampp\htdocs\agendaf\vendor\codeigniter4\framework\system\Common.php(1119): CodeIgniter\View\View->render('categoria', Array, true)
#3 C:\xampp\htdocs\agendaf\app\Controllers\Home.php(21): view('categoria', Array)
#4 C:\xampp\htdocs\agendaf\vendor\codeigniter4\framework\system\CodeIgniter.php(918): App\Controllers\Home->categoria()
#5 C:\xampp\htdocs\agendaf\vendor\codeigniter4\framework\system\CodeIgniter.php(404): CodeIgniter\CodeIgniter->runController(Object(App\Controllers\Home))
#6 C:\xampp\htdocs\agendaf\vendor\codeigniter4\framework\system\CodeIgniter.php(312): CodeIgniter\CodeIgniter->handleRequest(NULL, Object(Config\Cache), false)
#7 C:\xampp\htdocs\agendaf\public\index.php(45): CodeIgniter\CodeIgniter->run()
#8 {main}
CRITICAL - 2020-12-16 16:39:15 --> Undefined property: stdClass::$id_nombre
#0 C:\xampp\htdocs\agendaf\app\Views\categoria.php(71): CodeIgniter\Debug\Exceptions->errorHandler(8, 'Undefined prope...', 'C:\\xampp\\htdocs...', 71, Array)
#1 C:\xampp\htdocs\agendaf\vendor\codeigniter4\framework\system\View\View.php(246): include('C:\\xampp\\htdocs...')
#2 C:\xampp\htdocs\agendaf\vendor\codeigniter4\framework\system\Common.php(1119): CodeIgniter\View\View->render('categoria', Array, true)
#3 C:\xampp\htdocs\agendaf\app\Controllers\Home.php(21): view('categoria', Array)
#4 C:\xampp\htdocs\agendaf\vendor\codeigniter4\framework\system\CodeIgniter.php(918): App\Controllers\Home->categoria()
#5 C:\xampp\htdocs\agendaf\vendor\codeigniter4\framework\system\CodeIgniter.php(404): CodeIgniter\CodeIgniter->runController(Object(App\Controllers\Home))
#6 C:\xampp\htdocs\agendaf\vendor\codeigniter4\framework\system\CodeIgniter.php(312): CodeIgniter\CodeIgniter->handleRequest(NULL, Object(Config\Cache), false)
#7 C:\xampp\htdocs\agendaf\public\index.php(45): CodeIgniter\CodeIgniter->run()
#8 {main}
CRITICAL - 2020-12-16 16:51:13 --> Cannot use object of type stdClass as array
#0 C:\xampp\htdocs\agendaf\vendor\codeigniter4\framework\system\View\View.php(246): include()
#1 C:\xampp\htdocs\agendaf\vendor\codeigniter4\framework\system\Common.php(1119): CodeIgniter\View\View->render('categoria', Array, true)
#2 C:\xampp\htdocs\agendaf\app\Controllers\Home.php(21): view('categoria', Array)
#3 C:\xampp\htdocs\agendaf\vendor\codeigniter4\framework\system\CodeIgniter.php(918): App\Controllers\Home->categoria()
#4 C:\xampp\htdocs\agendaf\vendor\codeigniter4\framework\system\CodeIgniter.php(404): CodeIgniter\CodeIgniter->runController(Object(App\Controllers\Home))
#5 C:\xampp\htdocs\agendaf\vendor\codeigniter4\framework\system\CodeIgniter.php(312): CodeIgniter\CodeIgniter->handleRequest(NULL, Object(Config\Cache), false)
#6 C:\xampp\htdocs\agendaf\public\index.php(45): CodeIgniter\CodeIgniter->run()
#7 {main}
CRITICAL - 2020-12-16 16:51:25 --> Undefined property: stdClass::$id_nombre
#0 C:\xampp\htdocs\agendaf\app\Views\categoria.php(72): CodeIgniter\Debug\Exceptions->errorHandler(8, 'Undefined prope...', 'C:\\xampp\\htdocs...', 72, Array)
#1 C:\xampp\htdocs\agendaf\vendor\codeigniter4\framework\system\View\View.php(246): include('C:\\xampp\\htdocs...')
#2 C:\xampp\htdocs\agendaf\vendor\codeigniter4\framework\system\Common.php(1119): CodeIgniter\View\View->render('categoria', Array, true)
#3 C:\xampp\htdocs\agendaf\app\Controllers\Home.php(21): view('categoria', Array)
#4 C:\xampp\htdocs\agendaf\vendor\codeigniter4\framework\system\CodeIgniter.php(918): App\Controllers\Home->categoria()
#5 C:\xampp\htdocs\agendaf\vendor\codeigniter4\framework\system\CodeIgniter.php(404): CodeIgniter\CodeIgniter->runController(Object(App\Controllers\Home))
#6 C:\xampp\htdocs\agendaf\vendor\codeigniter4\framework\system\CodeIgniter.php(312): CodeIgniter\CodeIgniter->handleRequest(NULL, Object(Config\Cache), false)
#7 C:\xampp\htdocs\agendaf\public\index.php(45): CodeIgniter\CodeIgniter->run()
#8 {main}
CRITICAL - 2020-12-16 22:08:01 --> Undefined variable: idNombre
#0 C:\xampp\htdocs\agendaf\app\Views\actualizarcat.php(52): CodeIgniter\Debug\Exceptions->errorHandler(8, 'Undefined varia...', 'C:\\xampp\\htdocs...', 52, Array)
#1 C:\xampp\htdocs\agendaf\vendor\codeigniter4\framework\system\View\View.php(246): include('C:\\xampp\\htdocs...')
#2 C:\xampp\htdocs\agendaf\vendor\codeigniter4\framework\system\Common.php(1119): CodeIgniter\View\View->render('actualizarcat', Array, true)
#3 C:\xampp\htdocs\agendaf\app\Controllers\Home.php(82): view('actualizarcat')
#4 C:\xampp\htdocs\agendaf\vendor\codeigniter4\framework\system\CodeIgniter.php(918): App\Controllers\Home->actualizarcat()
#5 C:\xampp\htdocs\agendaf\vendor\codeigniter4\framework\system\CodeIgniter.php(404): CodeIgniter\CodeIgniter->runController(Object(App\Controllers\Home))
#6 C:\xampp\htdocs\agendaf\vendor\codeigniter4\framework\system\CodeIgniter.php(312): CodeIgniter\CodeIgniter->handleRequest(NULL, Object(Config\Cache), false)
#7 C:\xampp\htdocs\agendaf\public\index.php(45): CodeIgniter\CodeIgniter->run()
#8 {main}
CRITICAL - 2020-12-16 22:10:01 --> Undefined variable: datos
#0 C:\xampp\htdocs\agendaf\app\Views\actualizarcat.php(2): CodeIgniter\Debug\Exceptions->errorHandler(8, 'Undefined varia...', 'C:\\xampp\\htdocs...', 2, Array)
#1 C:\xampp\htdocs\agendaf\vendor\codeigniter4\framework\system\View\View.php(246): include('C:\\xampp\\htdocs...')
#2 C:\xampp\htdocs\agendaf\vendor\codeigniter4\framework\system\Common.php(1119): CodeIgniter\View\View->render('actualizarcat', Array, true)
#3 C:\xampp\htdocs\agendaf\app\Controllers\Home.php(82): view('actualizarcat')
#4 C:\xampp\htdocs\agendaf\vendor\codeigniter4\framework\system\CodeIgniter.php(918): App\Controllers\Home->actualizarcat()
#5 C:\xampp\htdocs\agendaf\vendor\codeigniter4\framework\system\CodeIgniter.php(404): CodeIgniter\CodeIgniter->runController(Object(App\Controllers\Home))
#6 C:\xampp\htdocs\agendaf\vendor\codeigniter4\framework\system\CodeIgniter.php(312): CodeIgniter\CodeIgniter->handleRequest(NULL, Object(Config\Cache), false)
#7 C:\xampp\htdocs\agendaf\public\index.php(45): CodeIgniter\CodeIgniter->run()
#8 {main}
CRITICAL - 2020-12-16 22:10:29 --> Undefined variable: datos
#0 C:\xampp\htdocs\agendaf\app\Views\actualizarcat.php(2): CodeIgniter\Debug\Exceptions->errorHandler(8, 'Undefined varia...', 'C:\\xampp\\htdocs...', 2, Array)
#1 C:\xampp\htdocs\agendaf\vendor\codeigniter4\framework\system\View\View.php(246): include('C:\\xampp\\htdocs...')
#2 C:\xampp\htdocs\agendaf\vendor\codeigniter4\framework\system\Common.php(1119): CodeIgniter\View\View->render('actualizarcat', Array, true)
#3 C:\xampp\htdocs\agendaf\app\Controllers\Home.php(82): view('actualizarcat')
#4 C:\xampp\htdocs\agendaf\vendor\codeigniter4\framework\system\CodeIgniter.php(918): App\Controllers\Home->actualizarcat()
#5 C:\xampp\htdocs\agendaf\vendor\codeigniter4\framework\system\CodeIgniter.php(404): CodeIgniter\CodeIgniter->runController(Object(App\Controllers\Home))
#6 C:\xampp\htdocs\agendaf\vendor\codeigniter4\framework\system\CodeIgniter.php(312): CodeIgniter\CodeIgniter->handleRequest(NULL, Object(Config\Cache), false)
#7 C:\xampp\htdocs\agendaf\public\index.php(45): CodeIgniter\CodeIgniter->run()
#8 {main}
CRITICAL - 2020-12-16 22:10:38 --> Undefined variable: datos
#0 C:\xampp\htdocs\agendaf\app\Views\actualizarcat.php(2): CodeIgniter\Debug\Exceptions->errorHandler(8, 'Undefined varia...', 'C:\\xampp\\htdocs...', 2, Array)
#1 C:\xampp\htdocs\agendaf\vendor\codeigniter4\framework\system\View\View.php(246): include('C:\\xampp\\htdocs...')
#2 C:\xampp\htdocs\agendaf\vendor\codeigniter4\framework\system\Common.php(1119): CodeIgniter\View\View->render('actualizarcat', Array, true)
#3 C:\xampp\htdocs\agendaf\app\Controllers\Home.php(82): view('actualizarcat')
#4 C:\xampp\htdocs\agendaf\vendor\codeigniter4\framework\system\CodeIgniter.php(918): App\Controllers\Home->actualizarcat()
#5 C:\xampp\htdocs\agendaf\vendor\codeigniter4\framework\system\CodeIgniter.php(404): CodeIgniter\CodeIgniter->runController(Object(App\Controllers\Home))
#6 C:\xampp\htdocs\agendaf\vendor\codeigniter4\framework\system\CodeIgniter.php(312): CodeIgniter\CodeIgniter->handleRequest(NULL, Object(Config\Cache), false)
#7 C:\xampp\htdocs\agendaf\public\index.php(45): CodeIgniter\CodeIgniter->run()
#8 {main}
CRITICAL - 2020-12-16 22:11:04 --> Undefined variable: datos
#0 C:\xampp\htdocs\agendaf\app\Views\actualizarcat.php(2): CodeIgniter\Debug\Exceptions->errorHandler(8, 'Undefined varia...', 'C:\\xampp\\htdocs...', 2, Array)
#1 C:\xampp\htdocs\agendaf\vendor\codeigniter4\framework\system\View\View.php(246): include('C:\\xampp\\htdocs...')
#2 C:\xampp\htdocs\agendaf\vendor\codeigniter4\framework\system\Common.php(1119): CodeIgniter\View\View->render('actualizarcat', Array, true)
#3 C:\xampp\htdocs\agendaf\app\Controllers\Home.php(82): view('actualizarcat')
#4 C:\xampp\htdocs\agendaf\vendor\codeigniter4\framework\system\CodeIgniter.php(918): App\Controllers\Home->actualizarcat()
#5 C:\xampp\htdocs\agendaf\vendor\codeigniter4\framework\system\CodeIgniter.php(404): CodeIgniter\CodeIgniter->runController(Object(App\Controllers\Home))
#6 C:\xampp\htdocs\agendaf\vendor\codeigniter4\framework\system\CodeIgniter.php(312): CodeIgniter\CodeIgniter->handleRequest(NULL, Object(Config\Cache), false)
#7 C:\xampp\htdocs\agendaf\public\index.php(45): CodeIgniter\CodeIgniter->run()
#8 {main}
CRITICAL - 2020-12-16 22:11:10 --> Undefined variable: datos
#0 C:\xampp\htdocs\agendaf\app\Views\actualizarcat.php(2): CodeIgniter\Debug\Exceptions->errorHandler(8, 'Undefined varia...', 'C:\\xampp\\htdocs...', 2, Array)
#1 C:\xampp\htdocs\agendaf\vendor\codeigniter4\framework\system\View\View.php(246): include('C:\\xampp\\htdocs...')
#2 C:\xampp\htdocs\agendaf\vendor\codeigniter4\framework\system\Common.php(1119): CodeIgniter\View\View->render('actualizarcat', Array, true)
#3 C:\xampp\htdocs\agendaf\app\Controllers\Home.php(82): view('actualizarcat')
#4 C:\xampp\htdocs\agendaf\vendor\codeigniter4\framework\system\CodeIgniter.php(918): App\Controllers\Home->actualizarcat()
#5 C:\xampp\htdocs\agendaf\vendor\codeigniter4\framework\system\CodeIgniter.php(404): CodeIgniter\CodeIgniter->runController(Object(App\Controllers\Home))
#6 C:\xampp\htdocs\agendaf\vendor\codeigniter4\framework\system\CodeIgniter.php(312): CodeIgniter\CodeIgniter->handleRequest(NULL, Object(Config\Cache), false)
#7 C:\xampp\htdocs\agendaf\public\index.php(45): CodeIgniter\CodeIgniter->run()
#8 {main}
CRITICAL - 2020-12-16 22:13:17 --> Undefined variable: datos
#0 C:\xampp\htdocs\agendaf\app\Views\actualizarcat.php(2): CodeIgniter\Debug\Exceptions->errorHandler(8, 'Undefined varia...', 'C:\\xampp\\htdocs...', 2, Array)
#1 C:\xampp\htdocs\agendaf\vendor\codeigniter4\framework\system\View\View.php(246): include('C:\\xampp\\htdocs...')
#2 C:\xampp\htdocs\agendaf\vendor\codeigniter4\framework\system\Common.php(1119): CodeIgniter\View\View->render('actualizarcat', Array, true)
#3 C:\xampp\htdocs\agendaf\app\Controllers\Home.php(82): view('actualizarcat')
#4 C:\xampp\htdocs\agendaf\vendor\codeigniter4\framework\system\CodeIgniter.php(918): App\Controllers\Home->actualizarcat()
#5 C:\xampp\htdocs\agendaf\vendor\codeigniter4\framework\system\CodeIgniter.php(404): CodeIgniter\CodeIgniter->runController(Object(App\Controllers\Home))
#6 C:\xampp\htdocs\agendaf\vendor\codeigniter4\framework\system\CodeIgniter.php(312): CodeIgniter\CodeIgniter->handleRequest(NULL, Object(Config\Cache), false)
#7 C:\xampp\htdocs\agendaf\public\index.php(45): CodeIgniter\CodeIgniter->run()
#8 {main}
CRITICAL - 2020-12-16 22:19:03 --> Undefined index: categoria1
#0 C:\xampp\htdocs\agendaf\app\Controllers\Home.php(42): CodeIgniter\Debug\Exceptions->errorHandler(8, 'Undefined index...', 'C:\\xampp\\htdocs...', 42, Array)
#1 C:\xampp\htdocs\agendaf\vendor\codeigniter4\framework\system\CodeIgniter.php(918): App\Controllers\Home->actualizar()
#2 C:\xampp\htdocs\agendaf\vendor\codeigniter4\framework\system\CodeIgniter.php(404): CodeIgniter\CodeIgniter->runController(Object(App\Controllers\Home))
#3 C:\xampp\htdocs\agendaf\vendor\codeigniter4\framework\system\CodeIgniter.php(312): CodeIgniter\CodeIgniter->handleRequest(NULL, Object(Config\Cache), false)
#4 C:\xampp\htdocs\agendaf\public\index.php(45): CodeIgniter\CodeIgniter->run()
#5 {main}
