CRITICAL - 2020-12-17 03:12:03 --> Class 'App\Models\contactosModel' not found
#0 C:\xampp\htdocs\agendaf\vendor\codeigniter4\framework\system\CodeIgniter.php(918): App\Controllers\Home->contactos()
#1 C:\xampp\htdocs\agendaf\vendor\codeigniter4\framework\system\CodeIgniter.php(404): CodeIgniter\CodeIgniter->runController(Object(App\Controllers\Home))
#2 C:\xampp\htdocs\agendaf\vendor\codeigniter4\framework\system\CodeIgniter.php(312): CodeIgniter\CodeIgniter->handleRequest(NULL, Object(Config\Cache), false)
#3 C:\xampp\htdocs\agendaf\public\index.php(45): CodeIgniter\CodeIgniter->run()
#4 {main}
CRITICAL - 2020-12-17 03:12:38 --> syntax error, unexpected 'public' (T_PUBLIC)
#0 C:\xampp\htdocs\agendaf\vendor\codeigniter4\framework\system\Autoloader\Autoloader.php(296): CodeIgniter\Autoloader\Autoloader->requireFile('C:\\xampp\\htdocs...')
#1 C:\xampp\htdocs\agendaf\vendor\codeigniter4\framework\system\Autoloader\Autoloader.php(258): CodeIgniter\Autoloader\Autoloader->loadInNamespace('App\\Models\\cont...')
#2 [internal function]: CodeIgniter\Autoloader\Autoloader->loadClass('App\\Models\\cont...')
#3 C:\xampp\htdocs\agendaf\app\Controllers\Home.php(82): spl_autoload_call('App\\Models\\cont...')
#4 C:\xampp\htdocs\agendaf\vendor\codeigniter4\framework\system\CodeIgniter.php(918): App\Controllers\Home->contactos()
#5 C:\xampp\htdocs\agendaf\vendor\codeigniter4\framework\system\CodeIgniter.php(404): CodeIgniter\CodeIgniter->runController(Object(App\Controllers\Home))
#6 C:\xampp\htdocs\agendaf\vendor\codeigniter4\framework\system\CodeIgniter.php(312): CodeIgniter\CodeIgniter->handleRequest(NULL, Object(Config\Cache), false)
#7 C:\xampp\htdocs\agendaf\public\index.php(45): CodeIgniter\CodeIgniter->run()
#8 {main}
CRITICAL - 2020-12-17 03:13:22 --> Unknown column 't_contactos.id_contaco' in 'field list'
#0 C:\xampp\htdocs\agendaf\vendor\codeigniter4\framework\system\Database\MySQLi\Connection.php(331): mysqli->query('SELECT t_contac...')
#1 C:\xampp\htdocs\agendaf\vendor\codeigniter4\framework\system\Database\BaseConnection.php(741): CodeIgniter\Database\MySQLi\Connection->execute('SELECT t_contac...')
#2 C:\xampp\htdocs\agendaf\vendor\codeigniter4\framework\system\Database\BaseConnection.php(669): CodeIgniter\Database\BaseConnection->simpleQuery('SELECT t_contac...')
#3 C:\xampp\htdocs\agendaf\app\Models\contactosModel.php(7): CodeIgniter\Database\BaseConnection->query('SELECT t_contac...')
#4 C:\xampp\htdocs\agendaf\app\Controllers\Home.php(83): App\Models\contactosModel->listarContactos()
#5 C:\xampp\htdocs\agendaf\vendor\codeigniter4\framework\system\CodeIgniter.php(918): App\Controllers\Home->contactos()
#6 C:\xampp\htdocs\agendaf\vendor\codeigniter4\framework\system\CodeIgniter.php(404): CodeIgniter\CodeIgniter->runController(Object(App\Controllers\Home))
#7 C:\xampp\htdocs\agendaf\vendor\codeigniter4\framework\system\CodeIgniter.php(312): CodeIgniter\CodeIgniter->handleRequest(NULL, Object(Config\Cache), false)
#8 C:\xampp\htdocs\agendaf\public\index.php(45): CodeIgniter\CodeIgniter->run()
#9 {main}
CRITICAL - 2020-12-17 03:33:19 --> Use of undefined constant id_categoria - assumed 'id_categoria' (this will throw an Error in a future version of PHP)
#0 C:\xampp\htdocs\agendaf\app\Views\contactos.php(128): CodeIgniter\Debug\Exceptions->errorHandler(2, 'Use of undefine...', 'C:\\xampp\\htdocs...', 128, Array)
#1 C:\xampp\htdocs\agendaf\vendor\codeigniter4\framework\system\View\View.php(246): include('C:\\xampp\\htdocs...')
#2 C:\xampp\htdocs\agendaf\vendor\codeigniter4\framework\system\Common.php(1119): CodeIgniter\View\View->render('contactos', Array, true)
#3 C:\xampp\htdocs\agendaf\app\Controllers\Home.php(91): view('contactos', Array)
#4 C:\xampp\htdocs\agendaf\vendor\codeigniter4\framework\system\CodeIgniter.php(918): App\Controllers\Home->contactos()
#5 C:\xampp\htdocs\agendaf\vendor\codeigniter4\framework\system\CodeIgniter.php(404): CodeIgniter\CodeIgniter->runController(Object(App\Controllers\Home))
#6 C:\xampp\htdocs\agendaf\vendor\codeigniter4\framework\system\CodeIgniter.php(312): CodeIgniter\CodeIgniter->handleRequest(NULL, Object(Config\Cache), false)
#7 C:\xampp\htdocs\agendaf\public\index.php(45): CodeIgniter\CodeIgniter->run()
#8 {main}
CRITICAL - 2020-12-17 03:34:02 --> Use of undefined constant id_categoria - assumed 'id_categoria' (this will throw an Error in a future version of PHP)
#0 C:\xampp\htdocs\agendaf\app\Views\contactos.php(128): CodeIgniter\Debug\Exceptions->errorHandler(2, 'Use of undefine...', 'C:\\xampp\\htdocs...', 128, Array)
#1 C:\xampp\htdocs\agendaf\vendor\codeigniter4\framework\system\View\View.php(246): include('C:\\xampp\\htdocs...')
#2 C:\xampp\htdocs\agendaf\vendor\codeigniter4\framework\system\Common.php(1119): CodeIgniter\View\View->render('contactos', Array, true)
#3 C:\xampp\htdocs\agendaf\app\Controllers\Home.php(91): view('contactos', Array)
#4 C:\xampp\htdocs\agendaf\vendor\codeigniter4\framework\system\CodeIgniter.php(918): App\Controllers\Home->contactos()
#5 C:\xampp\htdocs\agendaf\vendor\codeigniter4\framework\system\CodeIgniter.php(404): CodeIgniter\CodeIgniter->runController(Object(App\Controllers\Home))
#6 C:\xampp\htdocs\agendaf\vendor\codeigniter4\framework\system\CodeIgniter.php(312): CodeIgniter\CodeIgniter->handleRequest(NULL, Object(Config\Cache), false)
#7 C:\xampp\htdocs\agendaf\public\index.php(45): CodeIgniter\CodeIgniter->run()
#8 {main}
CRITICAL - 2020-12-17 03:38:55 --> You have an error in your SQL syntax; check the manual that corresponds to your MariaDB server version for the right syntax to use near '.`id_contacto`, `t_contactos`.`nombre`, `t_contactos`.`paterno`, `t_contactos...' at line 2
#0 C:\xampp\htdocs\agendaf\vendor\codeigniter4\framework\system\Database\MySQLi\Connection.php(331): mysqli->query('SELECT *\nFROM `...')
#1 C:\xampp\htdocs\agendaf\vendor\codeigniter4\framework\system\Database\BaseConnection.php(741): CodeIgniter\Database\MySQLi\Connection->execute('SELECT *\nFROM `...')
#2 C:\xampp\htdocs\agendaf\vendor\codeigniter4\framework\system\Database\BaseConnection.php(669): CodeIgniter\Database\BaseConnection->simpleQuery('SELECT *\nFROM `...')
#3 C:\xampp\htdocs\agendaf\vendor\codeigniter4\framework\system\Database\BaseBuilder.php(1860): CodeIgniter\Database\BaseConnection->query('SELECT *\nFROM `...', Array, false)
#4 C:\xampp\htdocs\agendaf\app\Models\contactosModel.php(20): CodeIgniter\Database\BaseBuilder->get()
#5 C:\xampp\htdocs\agendaf\app\Controllers\Home.php(134): App\Models\contactosModel->obtenerContactos(Array)
#6 C:\xampp\htdocs\agendaf\vendor\codeigniter4\framework\system\CodeIgniter.php(918): App\Controllers\Home->obtenerNombrec('1')
#7 C:\xampp\htdocs\agendaf\vendor\codeigniter4\framework\system\CodeIgniter.php(404): CodeIgniter\CodeIgniter->runController(Object(App\Controllers\Home))
#8 C:\xampp\htdocs\agendaf\vendor\codeigniter4\framework\system\CodeIgniter.php(312): CodeIgniter\CodeIgniter->handleRequest(NULL, Object(Config\Cache), false)
#9 C:\xampp\htdocs\agendaf\public\index.php(45): CodeIgniter\CodeIgniter->run()
#10 {main}
CRITICAL - 2020-12-17 03:40:50 --> You have an error in your SQL syntax; check the manual that corresponds to your MariaDB server version for the right syntax to use near '.`id_contacto`, `t_contactos`.`nombre`, `t_contactos`.`paterno`, `t_contactos...' at line 2
#0 C:\xampp\htdocs\agendaf\vendor\codeigniter4\framework\system\Database\MySQLi\Connection.php(331): mysqli->query('SELECT *\nFROM `...')
#1 C:\xampp\htdocs\agendaf\vendor\codeigniter4\framework\system\Database\BaseConnection.php(741): CodeIgniter\Database\MySQLi\Connection->execute('SELECT *\nFROM `...')
#2 C:\xampp\htdocs\agendaf\vendor\codeigniter4\framework\system\Database\BaseConnection.php(669): CodeIgniter\Database\BaseConnection->simpleQuery('SELECT *\nFROM `...')
#3 C:\xampp\htdocs\agendaf\vendor\codeigniter4\framework\system\Database\BaseBuilder.php(1860): CodeIgniter\Database\BaseConnection->query('SELECT *\nFROM `...', Array, false)
#4 C:\xampp\htdocs\agendaf\app\Models\contactosModel.php(20): CodeIgniter\Database\BaseBuilder->get()
#5 C:\xampp\htdocs\agendaf\app\Controllers\Home.php(134): App\Models\contactosModel->obtenerContactos(Array)
#6 C:\xampp\htdocs\agendaf\vendor\codeigniter4\framework\system\CodeIgniter.php(918): App\Controllers\Home->obtenerNombrec('1')
#7 C:\xampp\htdocs\agendaf\vendor\codeigniter4\framework\system\CodeIgniter.php(404): CodeIgniter\CodeIgniter->runController(Object(App\Controllers\Home))
#8 C:\xampp\htdocs\agendaf\vendor\codeigniter4\framework\system\CodeIgniter.php(312): CodeIgniter\CodeIgniter->handleRequest(NULL, Object(Config\Cache), false)
#9 C:\xampp\htdocs\agendaf\public\index.php(45): CodeIgniter\CodeIgniter->run()
#10 {main}
CRITICAL - 2020-12-17 03:41:12 --> You have an error in your SQL syntax; check the manual that corresponds to your MariaDB server version for the right syntax to use near '.`id_contacto`, `t_contactos`.`nombre`, `t_contactos`.`paterno`, `t_contactos...' at line 2
#0 C:\xampp\htdocs\agendaf\vendor\codeigniter4\framework\system\Database\MySQLi\Connection.php(331): mysqli->query('SELECT *\nFROM `...')
#1 C:\xampp\htdocs\agendaf\vendor\codeigniter4\framework\system\Database\BaseConnection.php(741): CodeIgniter\Database\MySQLi\Connection->execute('SELECT *\nFROM `...')
#2 C:\xampp\htdocs\agendaf\vendor\codeigniter4\framework\system\Database\BaseConnection.php(669): CodeIgniter\Database\BaseConnection->simpleQuery('SELECT *\nFROM `...')
#3 C:\xampp\htdocs\agendaf\vendor\codeigniter4\framework\system\Database\BaseBuilder.php(1860): CodeIgniter\Database\BaseConnection->query('SELECT *\nFROM `...', Array, false)
#4 C:\xampp\htdocs\agendaf\app\Models\contactosModel.php(20): CodeIgniter\Database\BaseBuilder->get()
#5 C:\xampp\htdocs\agendaf\app\Controllers\Home.php(134): App\Models\contactosModel->obtenerContactos(Array)
#6 C:\xampp\htdocs\agendaf\vendor\codeigniter4\framework\system\CodeIgniter.php(918): App\Controllers\Home->obtenerNombrec('1')
#7 C:\xampp\htdocs\agendaf\vendor\codeigniter4\framework\system\CodeIgniter.php(404): CodeIgniter\CodeIgniter->runController(Object(App\Controllers\Home))
#8 C:\xampp\htdocs\agendaf\vendor\codeigniter4\framework\system\CodeIgniter.php(312): CodeIgniter\CodeIgniter->handleRequest(NULL, Object(Config\Cache), false)
#9 C:\xampp\htdocs\agendaf\public\index.php(45): CodeIgniter\CodeIgniter->run()
#10 {main}
CRITICAL - 2020-12-17 03:43:00 --> You have an error in your SQL syntax; check the manual that corresponds to your MariaDB server version for the right syntax to use near '.`id_contacto`, `t_contactos`.`nombre`, `t_contactos`.`paterno`, `t_contactos...' at line 2
#0 C:\xampp\htdocs\agendaf\vendor\codeigniter4\framework\system\Database\MySQLi\Connection.php(331): mysqli->query('SELECT *\nFROM `...')
#1 C:\xampp\htdocs\agendaf\vendor\codeigniter4\framework\system\Database\BaseConnection.php(741): CodeIgniter\Database\MySQLi\Connection->execute('SELECT *\nFROM `...')
#2 C:\xampp\htdocs\agendaf\vendor\codeigniter4\framework\system\Database\BaseConnection.php(669): CodeIgniter\Database\BaseConnection->simpleQuery('SELECT *\nFROM `...')
#3 C:\xampp\htdocs\agendaf\vendor\codeigniter4\framework\system\Database\BaseBuilder.php(1860): CodeIgniter\Database\BaseConnection->query('SELECT *\nFROM `...', Array, false)
#4 C:\xampp\htdocs\agendaf\app\Models\contactosModel.php(20): CodeIgniter\Database\BaseBuilder->get()
#5 C:\xampp\htdocs\agendaf\app\Controllers\Home.php(138): App\Models\contactosModel->obtenerContactos(Array)
#6 C:\xampp\htdocs\agendaf\vendor\codeigniter4\framework\system\CodeIgniter.php(918): App\Controllers\Home->obtenerNombrec('1')
#7 C:\xampp\htdocs\agendaf\vendor\codeigniter4\framework\system\CodeIgniter.php(404): CodeIgniter\CodeIgniter->runController(Object(App\Controllers\Home))
#8 C:\xampp\htdocs\agendaf\vendor\codeigniter4\framework\system\CodeIgniter.php(312): CodeIgniter\CodeIgniter->handleRequest(NULL, Object(Config\Cache), false)
#9 C:\xampp\htdocs\agendaf\public\index.php(45): CodeIgniter\CodeIgniter->run()
#10 {main}
CRITICAL - 2020-12-17 03:44:47 --> Undefined index: categoria
#0 C:\xampp\htdocs\agendaf\app\Views\actualizarcont.php(9): CodeIgniter\Debug\Exceptions->errorHandler(8, 'Undefined index...', 'C:\\xampp\\htdocs...', 9, Array)
#1 C:\xampp\htdocs\agendaf\vendor\codeigniter4\framework\system\View\View.php(246): include('C:\\xampp\\htdocs...')
#2 C:\xampp\htdocs\agendaf\vendor\codeigniter4\framework\system\Common.php(1119): CodeIgniter\View\View->render('actualizarcont', Array, true)
#3 C:\xampp\htdocs\agendaf\app\Controllers\Home.php(142): view('actualizarcont', Array)
#4 C:\xampp\htdocs\agendaf\vendor\codeigniter4\framework\system\CodeIgniter.php(918): App\Controllers\Home->obtenerNombrec('1')
#5 C:\xampp\htdocs\agendaf\vendor\codeigniter4\framework\system\CodeIgniter.php(404): CodeIgniter\CodeIgniter->runController(Object(App\Controllers\Home))
#6 C:\xampp\htdocs\agendaf\vendor\codeigniter4\framework\system\CodeIgniter.php(312): CodeIgniter\CodeIgniter->handleRequest(NULL, Object(Config\Cache), false)
#7 C:\xampp\htdocs\agendaf\public\index.php(45): CodeIgniter\CodeIgniter->run()
#8 {main}
CRITICAL - 2020-12-17 03:45:10 --> Trying to get property 'id_categoria' of non-object
#0 C:\xampp\htdocs\agendaf\app\Views\actualizarcont.php(76): CodeIgniter\Debug\Exceptions->errorHandler(8, 'Trying to get p...', 'C:\\xampp\\htdocs...', 76, Array)
#1 C:\xampp\htdocs\agendaf\vendor\codeigniter4\framework\system\View\View.php(246): include('C:\\xampp\\htdocs...')
#2 C:\xampp\htdocs\agendaf\vendor\codeigniter4\framework\system\Common.php(1119): CodeIgniter\View\View->render('actualizarcont', Array, true)
#3 C:\xampp\htdocs\agendaf\app\Controllers\Home.php(142): view('actualizarcont', Array)
#4 C:\xampp\htdocs\agendaf\vendor\codeigniter4\framework\system\CodeIgniter.php(918): App\Controllers\Home->obtenerNombrec('1')
#5 C:\xampp\htdocs\agendaf\vendor\codeigniter4\framework\system\CodeIgniter.php(404): CodeIgniter\CodeIgniter->runController(Object(App\Controllers\Home))
#6 C:\xampp\htdocs\agendaf\vendor\codeigniter4\framework\system\CodeIgniter.php(312): CodeIgniter\CodeIgniter->handleRequest(NULL, Object(Config\Cache), false)
#7 C:\xampp\htdocs\agendaf\public\index.php(45): CodeIgniter\CodeIgniter->run()
#8 {main}
CRITICAL - 2020-12-17 03:45:33 --> Trying to get property 'id_categoria' of non-object
#0 C:\xampp\htdocs\agendaf\app\Views\actualizarcont.php(79): CodeIgniter\Debug\Exceptions->errorHandler(8, 'Trying to get p...', 'C:\\xampp\\htdocs...', 79, Array)
#1 C:\xampp\htdocs\agendaf\vendor\codeigniter4\framework\system\View\View.php(246): include('C:\\xampp\\htdocs...')
#2 C:\xampp\htdocs\agendaf\vendor\codeigniter4\framework\system\Common.php(1119): CodeIgniter\View\View->render('actualizarcont', Array, true)
#3 C:\xampp\htdocs\agendaf\app\Controllers\Home.php(142): view('actualizarcont', Array)
#4 C:\xampp\htdocs\agendaf\vendor\codeigniter4\framework\system\CodeIgniter.php(918): App\Controllers\Home->obtenerNombrec('1')
#5 C:\xampp\htdocs\agendaf\vendor\codeigniter4\framework\system\CodeIgniter.php(404): CodeIgniter\CodeIgniter->runController(Object(App\Controllers\Home))
#6 C:\xampp\htdocs\agendaf\vendor\codeigniter4\framework\system\CodeIgniter.php(312): CodeIgniter\CodeIgniter->handleRequest(NULL, Object(Config\Cache), false)
#7 C:\xampp\htdocs\agendaf\public\index.php(45): CodeIgniter\CodeIgniter->run()
#8 {main}
CRITICAL - 2020-12-17 03:45:35 --> Trying to get property 'id_categoria' of non-object
#0 C:\xampp\htdocs\agendaf\app\Views\actualizarcont.php(79): CodeIgniter\Debug\Exceptions->errorHandler(8, 'Trying to get p...', 'C:\\xampp\\htdocs...', 79, Array)
#1 C:\xampp\htdocs\agendaf\vendor\codeigniter4\framework\system\View\View.php(246): include('C:\\xampp\\htdocs...')
#2 C:\xampp\htdocs\agendaf\vendor\codeigniter4\framework\system\Common.php(1119): CodeIgniter\View\View->render('actualizarcont', Array, true)
#3 C:\xampp\htdocs\agendaf\app\Controllers\Home.php(142): view('actualizarcont', Array)
#4 C:\xampp\htdocs\agendaf\vendor\codeigniter4\framework\system\CodeIgniter.php(918): App\Controllers\Home->obtenerNombrec('1')
#5 C:\xampp\htdocs\agendaf\vendor\codeigniter4\framework\system\CodeIgniter.php(404): CodeIgniter\CodeIgniter->runController(Object(App\Controllers\Home))
#6 C:\xampp\htdocs\agendaf\vendor\codeigniter4\framework\system\CodeIgniter.php(312): CodeIgniter\CodeIgniter->handleRequest(NULL, Object(Config\Cache), false)
#7 C:\xampp\htdocs\agendaf\public\index.php(45): CodeIgniter\CodeIgniter->run()
#8 {main}
CRITICAL - 2020-12-17 03:59:03 --> You have an error in your SQL syntax; check the manual that corresponds to your MariaDB server version for the right syntax to use near 't_contactos' at line 1
#0 C:\xampp\htdocs\agendaf\vendor\codeigniter4\framework\system\Database\MySQLi\Connection.php(331): mysqli->query('t_contactos')
#1 C:\xampp\htdocs\agendaf\vendor\codeigniter4\framework\system\Database\BaseConnection.php(741): CodeIgniter\Database\MySQLi\Connection->execute('t_contactos')
#2 C:\xampp\htdocs\agendaf\vendor\codeigniter4\framework\system\Database\BaseConnection.php(669): CodeIgniter\Database\BaseConnection->simpleQuery('t_contactos')
#3 C:\xampp\htdocs\agendaf\app\Models\contactosModel.php(7): CodeIgniter\Database\BaseConnection->query('t_contactos')
#4 C:\xampp\htdocs\agendaf\app\Controllers\Home.php(83): App\Models\contactosModel->listarContactos()
#5 C:\xampp\htdocs\agendaf\vendor\codeigniter4\framework\system\CodeIgniter.php(918): App\Controllers\Home->contactos()
#6 C:\xampp\htdocs\agendaf\vendor\codeigniter4\framework\system\CodeIgniter.php(404): CodeIgniter\CodeIgniter->runController(Object(App\Controllers\Home))
#7 C:\xampp\htdocs\agendaf\vendor\codeigniter4\framework\system\CodeIgniter.php(312): CodeIgniter\CodeIgniter->handleRequest(NULL, Object(Config\Cache), false)
#8 C:\xampp\htdocs\agendaf\public\index.php(45): CodeIgniter\CodeIgniter->run()
#9 {main}
CRITICAL - 2020-12-17 04:02:59 --> syntax error, unexpected '=', expecting ']'
#0 C:\xampp\htdocs\agendaf\vendor\codeigniter4\framework\system\Autoloader\Autoloader.php(296): CodeIgniter\Autoloader\Autoloader->requireFile('C:\\xampp\\htdocs...')
#1 C:\xampp\htdocs\agendaf\vendor\codeigniter4\framework\system\Autoloader\Autoloader.php(258): CodeIgniter\Autoloader\Autoloader->loadInNamespace('App\\Controllers...')
#2 [internal function]: CodeIgniter\Autoloader\Autoloader->loadClass('App\\Controllers...')
#3 [internal function]: spl_autoload_call('App\\Controllers...')
#4 C:\xampp\htdocs\agendaf\vendor\codeigniter4\framework\system\CodeIgniter.php(869): class_exists('\\App\\Controller...', true)
#5 C:\xampp\htdocs\agendaf\vendor\codeigniter4\framework\system\CodeIgniter.php(394): CodeIgniter\CodeIgniter->startController()
#6 C:\xampp\htdocs\agendaf\vendor\codeigniter4\framework\system\CodeIgniter.php(312): CodeIgniter\CodeIgniter->handleRequest(NULL, Object(Config\Cache), false)
#7 C:\xampp\htdocs\agendaf\public\index.php(45): CodeIgniter\CodeIgniter->run()
#8 {main}
CRITICAL - 2020-12-17 04:03:26 --> syntax error, unexpected ';', expecting ']'
#0 C:\xampp\htdocs\agendaf\vendor\codeigniter4\framework\system\Autoloader\Autoloader.php(296): CodeIgniter\Autoloader\Autoloader->requireFile('C:\\xampp\\htdocs...')
#1 C:\xampp\htdocs\agendaf\vendor\codeigniter4\framework\system\Autoloader\Autoloader.php(258): CodeIgniter\Autoloader\Autoloader->loadInNamespace('App\\Controllers...')
#2 [internal function]: CodeIgniter\Autoloader\Autoloader->loadClass('App\\Controllers...')
#3 [internal function]: spl_autoload_call('App\\Controllers...')
#4 C:\xampp\htdocs\agendaf\vendor\codeigniter4\framework\system\CodeIgniter.php(869): class_exists('\\App\\Controller...', true)
#5 C:\xampp\htdocs\agendaf\vendor\codeigniter4\framework\system\CodeIgniter.php(394): CodeIgniter\CodeIgniter->startController()
#6 C:\xampp\htdocs\agendaf\vendor\codeigniter4\framework\system\CodeIgniter.php(312): CodeIgniter\CodeIgniter->handleRequest(NULL, Object(Config\Cache), false)
#7 C:\xampp\htdocs\agendaf\public\index.php(45): CodeIgniter\CodeIgniter->run()
#8 {main}
CRITICAL - 2020-12-17 04:03:56 --> syntax error, unexpected ';', expecting ']'
#0 C:\xampp\htdocs\agendaf\vendor\codeigniter4\framework\system\Autoloader\Autoloader.php(296): CodeIgniter\Autoloader\Autoloader->requireFile('C:\\xampp\\htdocs...')
#1 C:\xampp\htdocs\agendaf\vendor\codeigniter4\framework\system\Autoloader\Autoloader.php(258): CodeIgniter\Autoloader\Autoloader->loadInNamespace('App\\Controllers...')
#2 [internal function]: CodeIgniter\Autoloader\Autoloader->loadClass('App\\Controllers...')
#3 [internal function]: spl_autoload_call('App\\Controllers...')
#4 C:\xampp\htdocs\agendaf\vendor\codeigniter4\framework\system\CodeIgniter.php(869): class_exists('\\App\\Controller...', true)
#5 C:\xampp\htdocs\agendaf\vendor\codeigniter4\framework\system\CodeIgniter.php(394): CodeIgniter\CodeIgniter->startController()
#6 C:\xampp\htdocs\agendaf\vendor\codeigniter4\framework\system\CodeIgniter.php(312): CodeIgniter\CodeIgniter->handleRequest(NULL, Object(Config\Cache), false)
#7 C:\xampp\htdocs\agendaf\public\index.php(45): CodeIgniter\CodeIgniter->run()
#8 {main}
CRITICAL - 2020-12-17 04:22:06 --> Undefined index: id_categoria1
#0 C:\xampp\htdocs\agendaf\app\Controllers\Home.php(100): CodeIgniter\Debug\Exceptions->errorHandler(8, 'Undefined index...', 'C:\\xampp\\htdocs...', 100, Array)
#1 C:\xampp\htdocs\agendaf\vendor\codeigniter4\framework\system\CodeIgniter.php(918): App\Controllers\Home->crearc()
#2 C:\xampp\htdocs\agendaf\vendor\codeigniter4\framework\system\CodeIgniter.php(404): CodeIgniter\CodeIgniter->runController(Object(App\Controllers\Home))
#3 C:\xampp\htdocs\agendaf\vendor\codeigniter4\framework\system\CodeIgniter.php(312): CodeIgniter\CodeIgniter->handleRequest(NULL, Object(Config\Cache), false)
#4 C:\xampp\htdocs\agendaf\public\index.php(45): CodeIgniter\CodeIgniter->run()
#5 {main}
CRITICAL - 2020-12-17 16:04:55 --> Unable to connect to the database.
#0 C:\xampp\htdocs\agendaf\vendor\codeigniter4\framework\system\Database\BaseConnection.php(646): CodeIgniter\Database\BaseConnection->initialize()
#1 C:\xampp\htdocs\agendaf\app\Models\categoriasModel.php(7): CodeIgniter\Database\BaseConnection->query('SELECT * FROM t...')
#2 C:\xampp\htdocs\agendaf\app\Controllers\Home.php(13): App\Models\categoriasModel->listarCategoria()
#3 C:\xampp\htdocs\agendaf\vendor\codeigniter4\framework\system\CodeIgniter.php(918): App\Controllers\Home->categoria()
#4 C:\xampp\htdocs\agendaf\vendor\codeigniter4\framework\system\CodeIgniter.php(404): CodeIgniter\CodeIgniter->runController(Object(App\Controllers\Home))
#5 C:\xampp\htdocs\agendaf\vendor\codeigniter4\framework\system\CodeIgniter.php(312): CodeIgniter\CodeIgniter->handleRequest(NULL, Object(Config\Cache), false)
#6 C:\xampp\htdocs\agendaf\public\index.php(45): CodeIgniter\CodeIgniter->run()
#7 {main}
CRITICAL - 2020-12-17 18:51:42 --> Unable to connect to the database.
#0 C:\xampp\htdocs\agendaf\vendor\codeigniter4\framework\system\Database\BaseConnection.php(646): CodeIgniter\Database\BaseConnection->initialize()
#1 C:\xampp\htdocs\agendaf\app\Models\categoriasModel.php(7): CodeIgniter\Database\BaseConnection->query('SELECT * FROM t...')
#2 C:\xampp\htdocs\agendaf\app\Controllers\Home.php(13): App\Models\categoriasModel->listarCategoria()
#3 C:\xampp\htdocs\agendaf\vendor\codeigniter4\framework\system\CodeIgniter.php(918): App\Controllers\Home->categoria()
#4 C:\xampp\htdocs\agendaf\vendor\codeigniter4\framework\system\CodeIgniter.php(404): CodeIgniter\CodeIgniter->runController(Object(App\Controllers\Home))
#5 C:\xampp\htdocs\agendaf\vendor\codeigniter4\framework\system\CodeIgniter.php(312): CodeIgniter\CodeIgniter->handleRequest(NULL, Object(Config\Cache), false)
#6 C:\xampp\htdocs\agendaf\public\index.php(45): CodeIgniter\CodeIgniter->run()
#7 {main}
CRITICAL - 2020-12-17 20:46:53 --> Access denied for user 'root'@'localhost' (using password: NO)
#0 C:\xampp\htdocs\agendaf\app\Views\contactos.php(14): mysqli->__construct('localhost', 'root', '', 'agenda')
#1 C:\xampp\htdocs\agendaf\vendor\codeigniter4\framework\system\View\View.php(246): include('C:\\xampp\\htdocs...')
#2 C:\xampp\htdocs\agendaf\vendor\codeigniter4\framework\system\Common.php(1119): CodeIgniter\View\View->render('contactos', Array, true)
#3 C:\xampp\htdocs\agendaf\app\Controllers\Home.php(91): view('contactos', Array)
#4 C:\xampp\htdocs\agendaf\vendor\codeigniter4\framework\system\CodeIgniter.php(918): App\Controllers\Home->contactos()
#5 C:\xampp\htdocs\agendaf\vendor\codeigniter4\framework\system\CodeIgniter.php(404): CodeIgniter\CodeIgniter->runController(Object(App\Controllers\Home))
#6 C:\xampp\htdocs\agendaf\vendor\codeigniter4\framework\system\CodeIgniter.php(312): CodeIgniter\CodeIgniter->handleRequest(NULL, Object(Config\Cache), false)
#7 C:\xampp\htdocs\agendaf\public\index.php(45): CodeIgniter\CodeIgniter->run()
#8 {main}
CRITICAL - 2020-12-17 20:54:40 --> Table 'prueba.t_categorias' doesn't exist
#0 C:\xampp\htdocs\agendaf\app\Views\contactos.php(126): mysqli->query('SELECT id_categ...')
#1 C:\xampp\htdocs\agendaf\vendor\codeigniter4\framework\system\View\View.php(246): include('C:\\xampp\\htdocs...')
#2 C:\xampp\htdocs\agendaf\vendor\codeigniter4\framework\system\Common.php(1119): CodeIgniter\View\View->render('contactos', Array, true)
#3 C:\xampp\htdocs\agendaf\app\Controllers\Home.php(91): view('contactos', Array)
#4 C:\xampp\htdocs\agendaf\vendor\codeigniter4\framework\system\CodeIgniter.php(918): App\Controllers\Home->contactos()
#5 C:\xampp\htdocs\agendaf\vendor\codeigniter4\framework\system\CodeIgniter.php(404): CodeIgniter\CodeIgniter->runController(Object(App\Controllers\Home))
#6 C:\xampp\htdocs\agendaf\vendor\codeigniter4\framework\system\CodeIgniter.php(312): CodeIgniter\CodeIgniter->handleRequest(NULL, Object(Config\Cache), false)
#7 C:\xampp\htdocs\agendaf\public\index.php(45): CodeIgniter\CodeIgniter->run()
#8 {main}
CRITICAL - 2020-12-17 20:58:01 --> Table 'prueba.t_categorias' doesn't exist
#0 C:\xampp\htdocs\agendaf\app\Views\contactos.php(126): mysqli->query('SELECT id_categ...')
#1 C:\xampp\htdocs\agendaf\vendor\codeigniter4\framework\system\View\View.php(246): include('C:\\xampp\\htdocs...')
#2 C:\xampp\htdocs\agendaf\vendor\codeigniter4\framework\system\Common.php(1119): CodeIgniter\View\View->render('contactos', Array, true)
#3 C:\xampp\htdocs\agendaf\app\Controllers\Home.php(91): view('contactos', Array)
#4 C:\xampp\htdocs\agendaf\vendor\codeigniter4\framework\system\CodeIgniter.php(918): App\Controllers\Home->contactos()
#5 C:\xampp\htdocs\agendaf\vendor\codeigniter4\framework\system\CodeIgniter.php(404): CodeIgniter\CodeIgniter->runController(Object(App\Controllers\Home))
#6 C:\xampp\htdocs\agendaf\vendor\codeigniter4\framework\system\CodeIgniter.php(312): CodeIgniter\CodeIgniter->handleRequest(NULL, Object(Config\Cache), false)
#7 C:\xampp\htdocs\agendaf\public\index.php(45): CodeIgniter\CodeIgniter->run()
#8 {main}
CRITICAL - 2020-12-17 20:58:03 --> Table 'prueba.t_categorias' doesn't exist
#0 C:\xampp\htdocs\agendaf\app\Views\contactos.php(126): mysqli->query('SELECT id_categ...')
#1 C:\xampp\htdocs\agendaf\vendor\codeigniter4\framework\system\View\View.php(246): include('C:\\xampp\\htdocs...')
#2 C:\xampp\htdocs\agendaf\vendor\codeigniter4\framework\system\Common.php(1119): CodeIgniter\View\View->render('contactos', Array, true)
#3 C:\xampp\htdocs\agendaf\app\Controllers\Home.php(91): view('contactos', Array)
#4 C:\xampp\htdocs\agendaf\vendor\codeigniter4\framework\system\CodeIgniter.php(918): App\Controllers\Home->contactos()
#5 C:\xampp\htdocs\agendaf\vendor\codeigniter4\framework\system\CodeIgniter.php(404): CodeIgniter\CodeIgniter->runController(Object(App\Controllers\Home))
#6 C:\xampp\htdocs\agendaf\vendor\codeigniter4\framework\system\CodeIgniter.php(312): CodeIgniter\CodeIgniter->handleRequest(NULL, Object(Config\Cache), false)
#7 C:\xampp\htdocs\agendaf\public\index.php(45): CodeIgniter\CodeIgniter->run()
#8 {main}
CRITICAL - 2020-12-17 20:58:04 --> Table 'prueba.t_categorias' doesn't exist
#0 C:\xampp\htdocs\agendaf\app\Views\contactos.php(126): mysqli->query('SELECT id_categ...')
#1 C:\xampp\htdocs\agendaf\vendor\codeigniter4\framework\system\View\View.php(246): include('C:\\xampp\\htdocs...')
#2 C:\xampp\htdocs\agendaf\vendor\codeigniter4\framework\system\Common.php(1119): CodeIgniter\View\View->render('contactos', Array, true)
#3 C:\xampp\htdocs\agendaf\app\Controllers\Home.php(91): view('contactos', Array)
#4 C:\xampp\htdocs\agendaf\vendor\codeigniter4\framework\system\CodeIgniter.php(918): App\Controllers\Home->contactos()
#5 C:\xampp\htdocs\agendaf\vendor\codeigniter4\framework\system\CodeIgniter.php(404): CodeIgniter\CodeIgniter->runController(Object(App\Controllers\Home))
#6 C:\xampp\htdocs\agendaf\vendor\codeigniter4\framework\system\CodeIgniter.php(312): CodeIgniter\CodeIgniter->handleRequest(NULL, Object(Config\Cache), false)
#7 C:\xampp\htdocs\agendaf\public\index.php(45): CodeIgniter\CodeIgniter->run()
#8 {main}
CRITICAL - 2020-12-17 20:58:05 --> Table 'prueba.t_categorias' doesn't exist
#0 C:\xampp\htdocs\agendaf\app\Views\contactos.php(126): mysqli->query('SELECT id_categ...')
#1 C:\xampp\htdocs\agendaf\vendor\codeigniter4\framework\system\View\View.php(246): include('C:\\xampp\\htdocs...')
#2 C:\xampp\htdocs\agendaf\vendor\codeigniter4\framework\system\Common.php(1119): CodeIgniter\View\View->render('contactos', Array, true)
#3 C:\xampp\htdocs\agendaf\app\Controllers\Home.php(91): view('contactos', Array)
#4 C:\xampp\htdocs\agendaf\vendor\codeigniter4\framework\system\CodeIgniter.php(918): App\Controllers\Home->contactos()
#5 C:\xampp\htdocs\agendaf\vendor\codeigniter4\framework\system\CodeIgniter.php(404): CodeIgniter\CodeIgniter->runController(Object(App\Controllers\Home))
#6 C:\xampp\htdocs\agendaf\vendor\codeigniter4\framework\system\CodeIgniter.php(312): CodeIgniter\CodeIgniter->handleRequest(NULL, Object(Config\Cache), false)
#7 C:\xampp\htdocs\agendaf\public\index.php(45): CodeIgniter\CodeIgniter->run()
#8 {main}
CRITICAL - 2020-12-17 20:58:06 --> Table 'prueba.t_categorias' doesn't exist
#0 C:\xampp\htdocs\agendaf\app\Views\contactos.php(126): mysqli->query('SELECT id_categ...')
#1 C:\xampp\htdocs\agendaf\vendor\codeigniter4\framework\system\View\View.php(246): include('C:\\xampp\\htdocs...')
#2 C:\xampp\htdocs\agendaf\vendor\codeigniter4\framework\system\Common.php(1119): CodeIgniter\View\View->render('contactos', Array, true)
#3 C:\xampp\htdocs\agendaf\app\Controllers\Home.php(91): view('contactos', Array)
#4 C:\xampp\htdocs\agendaf\vendor\codeigniter4\framework\system\CodeIgniter.php(918): App\Controllers\Home->contactos()
#5 C:\xampp\htdocs\agendaf\vendor\codeigniter4\framework\system\CodeIgniter.php(404): CodeIgniter\CodeIgniter->runController(Object(App\Controllers\Home))
#6 C:\xampp\htdocs\agendaf\vendor\codeigniter4\framework\system\CodeIgniter.php(312): CodeIgniter\CodeIgniter->handleRequest(NULL, Object(Config\Cache), false)
#7 C:\xampp\htdocs\agendaf\public\index.php(45): CodeIgniter\CodeIgniter->run()
#8 {main}
CRITICAL - 2020-12-17 20:58:14 --> Table 'prueba.t_categorias' doesn't exist
#0 C:\xampp\htdocs\agendaf\app\Views\contactos.php(126): mysqli->query('SELECT id_categ...')
#1 C:\xampp\htdocs\agendaf\vendor\codeigniter4\framework\system\View\View.php(246): include('C:\\xampp\\htdocs...')
#2 C:\xampp\htdocs\agendaf\vendor\codeigniter4\framework\system\Common.php(1119): CodeIgniter\View\View->render('contactos', Array, true)
#3 C:\xampp\htdocs\agendaf\app\Controllers\Home.php(91): view('contactos', Array)
#4 C:\xampp\htdocs\agendaf\vendor\codeigniter4\framework\system\CodeIgniter.php(918): App\Controllers\Home->contactos()
#5 C:\xampp\htdocs\agendaf\vendor\codeigniter4\framework\system\CodeIgniter.php(404): CodeIgniter\CodeIgniter->runController(Object(App\Controllers\Home))
#6 C:\xampp\htdocs\agendaf\vendor\codeigniter4\framework\system\CodeIgniter.php(312): CodeIgniter\CodeIgniter->handleRequest(NULL, Object(Config\Cache), false)
#7 C:\xampp\htdocs\agendaf\public\index.php(45): CodeIgniter\CodeIgniter->run()
#8 {main}
CRITICAL - 2020-12-17 21:07:02 --> Access denied for user 'root'@'localhost' (using password: NO)
#0 C:\xampp\htdocs\agendaf\app\Views\actualizarcont.php(11): mysqli->__construct('localhost', 'root', '', 'agenda')
#1 C:\xampp\htdocs\agendaf\vendor\codeigniter4\framework\system\View\View.php(246): include('C:\\xampp\\htdocs...')
#2 C:\xampp\htdocs\agendaf\vendor\codeigniter4\framework\system\Common.php(1119): CodeIgniter\View\View->render('actualizarcont', Array, true)
#3 C:\xampp\htdocs\agendaf\app\Controllers\Home.php(142): view('actualizarcont', Array)
#4 C:\xampp\htdocs\agendaf\vendor\codeigniter4\framework\system\CodeIgniter.php(918): App\Controllers\Home->obtenerNombrec('1')
#5 C:\xampp\htdocs\agendaf\vendor\codeigniter4\framework\system\CodeIgniter.php(404): CodeIgniter\CodeIgniter->runController(Object(App\Controllers\Home))
#6 C:\xampp\htdocs\agendaf\vendor\codeigniter4\framework\system\CodeIgniter.php(312): CodeIgniter\CodeIgniter->handleRequest(NULL, Object(Config\Cache), false)
#7 C:\xampp\htdocs\agendaf\public\index.php(45): CodeIgniter\CodeIgniter->run()
#8 {main}
CRITICAL - 2020-12-17 22:18:44 --> You must set the database table to be used with your query.
#0 C:\xampp\htdocs\agendaf\vendor\codeigniter4\framework\system\Model.php(1237): CodeIgniter\Database\BaseConnection->table(NULL)
#1 C:\xampp\htdocs\agendaf\vendor\codeigniter4\framework\system\Model.php(1816): CodeIgniter\Model->builder()
#2 C:\xampp\htdocs\agendaf\app\Controllers\Home.php(143): CodeIgniter\Model->__call('listarCategoria', Array)
#3 C:\xampp\htdocs\agendaf\vendor\codeigniter4\framework\system\CodeIgniter.php(918): App\Controllers\Home->obtenerNombrec('3')
#4 C:\xampp\htdocs\agendaf\vendor\codeigniter4\framework\system\CodeIgniter.php(404): CodeIgniter\CodeIgniter->runController(Object(App\Controllers\Home))
#5 C:\xampp\htdocs\agendaf\vendor\codeigniter4\framework\system\CodeIgniter.php(312): CodeIgniter\CodeIgniter->handleRequest(NULL, Object(Config\Cache), false)
#6 C:\xampp\htdocs\agendaf\public\index.php(45): CodeIgniter\CodeIgniter->run()
#7 {main}
